[kbplacer_plugin_action.py:65]: Plugin version: 0.13
[kbplacer_plugin_action.py:66]: Python version: '3.10.12 (main, Nov  6 2024, 20:22:13) [GCC 11.4.0]'
[kbplacer_plugin_action.py:67]: KiCad version: 9.0.2 with 4.2.0 gtk3 (phoenix) wxWidgets 3.2.1
[kbplacer_dialog.py:586]: Language: en
[kbplacer_plugin_action.py:75]: GUI state: {"layout_path": "/home/foxmoss/Projects/PiPhone/keyboard-layout.json", "key_distance": [16.0, 16.0], "key_info": {"annotation_format": "SW{}", "position_option": "Default", "position": {"x": 0.0, "y": 0.0, "orientation": 0.0, "side": "Front"}, "template_path": ""}, "enable_diode_placement": true, "route_switches_with_diodes": true, "optimize_diodes_orientation": false, "diode_info": {"annotation_format": "D{}", "position_option": "Default", "position": {"x": 5.08, "y": 3.03, "orientation": 90.0, "side": "Back"}, "template_path": ""}, "additional_elements": [{"annotation_format": "ST{}", "position_option": "Custom", "position": {"x": 0.0, "y": 0.0, "orientation": 0.0, "side": "Front"}, "template_path": ""}], "route_rows_and_columns": true, "template_path": "", "generate_outline": true, "outline_delta": 0.0}
[key_placer.py:362]: Set key 1U distance: 16000000/16000000
[key_placer.py:124]: Switches by nets: defaultdict(<class 'list'>, {frozenset({'/GPIO13{slash}PWM1', '/GPIO6'}): ['SW5'], frozenset({'/GPIO13{slash}PWM1', '/GPIO23'}): ['SW17'], frozenset({'/GPIO5', '/GPIO16'}): ['SW1'], frozenset({'/GPIO5', '/GPIO19{slash}PCM.FS'}): ['SW3'], frozenset({'/GPIO16', '/GPIO17'}): ['SW7'], frozenset({'/GPIO13{slash}PWM1', '/GPIO27'}): ['SW11'], frozenset({'/GPIO5', '/GPIO13{slash}PWM1'}): ['SW2'], frozenset({'/GPIO13{slash}PWM1', '/GPIO17'}): ['SW8'], frozenset({'/GPIO19{slash}PCM.FS', '/GPIO6'}): ['SW6'], frozenset({'/GPIO16', '/GPIO6'}): ['SW4'], frozenset({'/GPIO16', '/GPIO22'}): ['SW13'], frozenset({'/GPIO19{slash}PCM.FS', '/GPIO22'}): ['SW15'], frozenset({'/GPIO19{slash}PCM.FS', '/GPIO17'}): ['SW9'], frozenset({'/GPIO16', '/GPIO27'}): ['SW10'], frozenset({'/GPIO23', '/GPIO16'}): ['SW16'], frozenset({'/GPIO13{slash}PWM1', '/GPIO22'}): ['SW14'], frozenset({'/GPIO19{slash}PCM.FS', '/GPIO27'}): ['SW12'], frozenset({'/GPIO23', '/GPIO19{slash}PCM.FS'}): ['SW18']})
[key_placer.py:128]: Diodes by switch: {'SW17': ['D12'], 'SW13': ['D5'], 'SW11': ['D10'], 'SW18': ['D18'], 'SW15': ['D17'], 'SW1': ['D1'], 'SW9': ['D15'], 'SW10': ['D4'], 'SW5': ['D8'], 'SW7': ['D3'], 'SW2': ['D7'], 'SW3': ['D13'], 'SW16': ['D6'], 'SW14': ['D11'], 'SW8': ['D9'], 'SW4': ['D2'], 'SW12': ['D16'], 'SW6': ['D14']}
[kle_serial.py:897]: User layout: [['Num Lock', '/', '*', '-'], ['1', '2\nA\n\nC\n\n\n\n\n\n\nB', '3\nD\n\nF\n\n\n\n\n\n\nE', '+'], ['4\nG\n\nI\n\n\n\n\n\n\nH', '5\nJ\n\nL\n\n\n\n\n\n\nK', '6\nM\n\nO\n\n\n\n\n\n\nN', '\nCom'], ['7\nS\n\n\n\n\nP\nR\n\nQ', '8\nT\n\nV\n\n\n\n\n\n\nU', '9\nZ\n\n\n\n\nW\nY\n\nX'], ['0\nIns', '.\nDel', 'Enter']]
[key_placer.py:662]: Layout offset: (24000000, 24000000)
[board_modifier.py:85]: Setting SW1 footprint position: (32000000, 32000000)
[board_modifier.py:85]: Setting SW2 footprint position: (48000000, 32000000)
[board_modifier.py:85]: Setting SW3 footprint position: (64000000, 32000000)
[board_modifier.py:85]: Setting SW4 footprint position: (80000000, 32000000)
[board_modifier.py:85]: Setting SW5 footprint position: (32000000, 48000000)
[board_modifier.py:85]: Setting SW6 footprint position: (48000000, 48000000)
[board_modifier.py:85]: Setting SW7 footprint position: (64000000, 48000000)
[board_modifier.py:85]: Setting SW8 footprint position: (80000000, 48000000)
[board_modifier.py:85]: Setting SW9 footprint position: (32000000, 64000000)
[board_modifier.py:85]: Setting SW10 footprint position: (48000000, 64000000)
[board_modifier.py:85]: Setting SW11 footprint position: (64000000, 64000000)
[board_modifier.py:85]: Setting SW12 footprint position: (80000000, 64000000)
[board_modifier.py:85]: Setting SW13 footprint position: (32000000, 80000000)
[board_modifier.py:85]: Setting SW14 footprint position: (48000000, 80000000)
[board_modifier.py:85]: Setting SW15 footprint position: (64000000, 80000000)
[board_modifier.py:85]: Setting SW16 footprint position: (32000000, 96000000)
[board_modifier.py:85]: Setting SW17 footprint position: (48000000, 96000000)
[board_modifier.py:85]: Setting SW18 footprint position: (64000000, 96000000)
[key_placer.py:999]: Diode info: [ElementInfo(annotation_format='D{}', position_option=<PositionOption.DEFAULT: 'Default'>, position=ElementPosition(x=5.08, y=3.03, orientation=90.0, side=<Side.BACK: 'Back'>), template_path='')]
[board_modifier.py:98]: Getting SW1 footprint position: (32000000, 32000000)
[board_modifier.py:85]: Setting D1 footprint position: (37080000, 35030000)
[board_modifier.py:98]: Getting SW2 footprint position: (48000000, 32000000)
[board_modifier.py:85]: Setting D7 footprint position: (53080000, 35030000)
[board_modifier.py:98]: Getting SW3 footprint position: (64000000, 32000000)
[board_modifier.py:85]: Setting D13 footprint position: (69080000, 35030000)
[board_modifier.py:98]: Getting SW4 footprint position: (80000000, 32000000)
[board_modifier.py:85]: Setting D2 footprint position: (85080000, 35030000)
[board_modifier.py:98]: Getting SW5 footprint position: (32000000, 48000000)
[board_modifier.py:85]: Setting D8 footprint position: (37080000, 51030000)
[board_modifier.py:98]: Getting SW6 footprint position: (48000000, 48000000)
[board_modifier.py:85]: Setting D14 footprint position: (53080000, 51030000)
[board_modifier.py:98]: Getting SW7 footprint position: (64000000, 48000000)
[board_modifier.py:85]: Setting D3 footprint position: (69080000, 51030000)
[board_modifier.py:98]: Getting SW8 footprint position: (80000000, 48000000)
[board_modifier.py:85]: Setting D9 footprint position: (85080000, 51030000)
[board_modifier.py:98]: Getting SW9 footprint position: (32000000, 64000000)
[board_modifier.py:85]: Setting D15 footprint position: (37080000, 67030000)
[board_modifier.py:98]: Getting SW10 footprint position: (48000000, 64000000)
[board_modifier.py:85]: Setting D4 footprint position: (53080000, 67030000)
[board_modifier.py:98]: Getting SW11 footprint position: (64000000, 64000000)
[board_modifier.py:85]: Setting D10 footprint position: (69080000, 67030000)
[board_modifier.py:98]: Getting SW12 footprint position: (80000000, 64000000)
[board_modifier.py:85]: Setting D16 footprint position: (85080000, 67030000)
[board_modifier.py:98]: Getting SW13 footprint position: (32000000, 80000000)
[board_modifier.py:85]: Setting D5 footprint position: (37080000, 83030000)
[board_modifier.py:98]: Getting SW14 footprint position: (48000000, 80000000)
[board_modifier.py:85]: Setting D11 footprint position: (53080000, 83030000)
[board_modifier.py:98]: Getting SW15 footprint position: (64000000, 80000000)
[board_modifier.py:85]: Setting D17 footprint position: (69080000, 83030000)
[board_modifier.py:98]: Getting SW16 footprint position: (32000000, 96000000)
[board_modifier.py:85]: Setting D6 footprint position: (37080000, 99030000)
[board_modifier.py:98]: Getting SW17 footprint position: (48000000, 96000000)
[board_modifier.py:85]: Setting D12 footprint position: (53080000, 99030000)
[board_modifier.py:98]: Getting SW18 footprint position: (64000000, 96000000)
[board_modifier.py:85]: Setting D18 footprint position: (69080000, 99030000)
[key_placer.py:775]: Placing additional elements for SW5
[board_modifier.py:98]: Getting SW5 footprint position: (32000000, 48000000)
[board_modifier.py:75]: Searching for optional ST5 footprint in /home/foxmoss/Projects/PiPhone/PiPhoneV0/PiPhoneV0/PiPhoneV0.kicad_pcb
[board_modifier.py:80]: Footprint not found
[key_placer.py:775]: Placing additional elements for SW17
[board_modifier.py:98]: Getting SW17 footprint position: (48000000, 96000000)
[board_modifier.py:75]: Searching for optional ST17 footprint in /home/foxmoss/Projects/PiPhone/PiPhoneV0/PiPhoneV0/PiPhoneV0.kicad_pcb
[board_modifier.py:80]: Footprint not found
[key_placer.py:775]: Placing additional elements for SW1
[board_modifier.py:98]: Getting SW1 footprint position: (32000000, 32000000)
[board_modifier.py:75]: Searching for optional ST1 footprint in /home/foxmoss/Projects/PiPhone/PiPhoneV0/PiPhoneV0/PiPhoneV0.kicad_pcb
[board_modifier.py:80]: Footprint not found
[key_placer.py:775]: Placing additional elements for SW3
[board_modifier.py:98]: Getting SW3 footprint position: (64000000, 32000000)
[board_modifier.py:75]: Searching for optional ST3 footprint in /home/foxmoss/Projects/PiPhone/PiPhoneV0/PiPhoneV0/PiPhoneV0.kicad_pcb
[board_modifier.py:80]: Footprint not found
[key_placer.py:775]: Placing additional elements for SW7
[board_modifier.py:98]: Getting SW7 footprint position: (64000000, 48000000)
[board_modifier.py:75]: Searching for optional ST7 footprint in /home/foxmoss/Projects/PiPhone/PiPhoneV0/PiPhoneV0/PiPhoneV0.kicad_pcb
[board_modifier.py:80]: Footprint not found
[key_placer.py:775]: Placing additional elements for SW11
[board_modifier.py:98]: Getting SW11 footprint position: (64000000, 64000000)
[board_modifier.py:75]: Searching for optional ST11 footprint in /home/foxmoss/Projects/PiPhone/PiPhoneV0/PiPhoneV0/PiPhoneV0.kicad_pcb
[board_modifier.py:80]: Footprint not found
[key_placer.py:775]: Placing additional elements for SW2
[board_modifier.py:98]: Getting SW2 footprint position: (48000000, 32000000)
[board_modifier.py:75]: Searching for optional ST2 footprint in /home/foxmoss/Projects/PiPhone/PiPhoneV0/PiPhoneV0/PiPhoneV0.kicad_pcb
[board_modifier.py:80]: Footprint not found
[key_placer.py:775]: Placing additional elements for SW8
[board_modifier.py:98]: Getting SW8 footprint position: (80000000, 48000000)
[board_modifier.py:75]: Searching for optional ST8 footprint in /home/foxmoss/Projects/PiPhone/PiPhoneV0/PiPhoneV0/PiPhoneV0.kicad_pcb
[board_modifier.py:80]: Footprint not found
[key_placer.py:775]: Placing additional elements for SW6
[board_modifier.py:98]: Getting SW6 footprint position: (48000000, 48000000)
[board_modifier.py:75]: Searching for optional ST6 footprint in /home/foxmoss/Projects/PiPhone/PiPhoneV0/PiPhoneV0/PiPhoneV0.kicad_pcb
[board_modifier.py:80]: Footprint not found
[key_placer.py:775]: Placing additional elements for SW4
[board_modifier.py:98]: Getting SW4 footprint position: (80000000, 32000000)
[board_modifier.py:75]: Searching for optional ST4 footprint in /home/foxmoss/Projects/PiPhone/PiPhoneV0/PiPhoneV0/PiPhoneV0.kicad_pcb
[board_modifier.py:80]: Footprint not found
[key_placer.py:775]: Placing additional elements for SW13
[board_modifier.py:98]: Getting SW13 footprint position: (32000000, 80000000)
[board_modifier.py:75]: Searching for optional ST13 footprint in /home/foxmoss/Projects/PiPhone/PiPhoneV0/PiPhoneV0/PiPhoneV0.kicad_pcb
[board_modifier.py:80]: Footprint not found
[key_placer.py:775]: Placing additional elements for SW15
[board_modifier.py:98]: Getting SW15 footprint position: (64000000, 80000000)
[board_modifier.py:75]: Searching for optional ST15 footprint in /home/foxmoss/Projects/PiPhone/PiPhoneV0/PiPhoneV0/PiPhoneV0.kicad_pcb
[board_modifier.py:80]: Footprint not found
[key_placer.py:775]: Placing additional elements for SW9
[board_modifier.py:98]: Getting SW9 footprint position: (32000000, 64000000)
[board_modifier.py:75]: Searching for optional ST9 footprint in /home/foxmoss/Projects/PiPhone/PiPhoneV0/PiPhoneV0/PiPhoneV0.kicad_pcb
[board_modifier.py:80]: Footprint not found
[key_placer.py:775]: Placing additional elements for SW10
[board_modifier.py:98]: Getting SW10 footprint position: (48000000, 64000000)
[board_modifier.py:75]: Searching for optional ST10 footprint in /home/foxmoss/Projects/PiPhone/PiPhoneV0/PiPhoneV0/PiPhoneV0.kicad_pcb
[board_modifier.py:80]: Footprint not found
[key_placer.py:775]: Placing additional elements for SW16
[board_modifier.py:98]: Getting SW16 footprint position: (32000000, 96000000)
[board_modifier.py:75]: Searching for optional ST16 footprint in /home/foxmoss/Projects/PiPhone/PiPhoneV0/PiPhoneV0/PiPhoneV0.kicad_pcb
[board_modifier.py:80]: Footprint not found
[key_placer.py:775]: Placing additional elements for SW14
[board_modifier.py:98]: Getting SW14 footprint position: (48000000, 80000000)
[board_modifier.py:75]: Searching for optional ST14 footprint in /home/foxmoss/Projects/PiPhone/PiPhoneV0/PiPhoneV0/PiPhoneV0.kicad_pcb
[board_modifier.py:80]: Footprint not found
[key_placer.py:775]: Placing additional elements for SW12
[board_modifier.py:98]: Getting SW12 footprint position: (80000000, 64000000)
[board_modifier.py:75]: Searching for optional ST12 footprint in /home/foxmoss/Projects/PiPhone/PiPhoneV0/PiPhoneV0/PiPhoneV0.kicad_pcb
[board_modifier.py:80]: Footprint not found
[key_placer.py:775]: Placing additional elements for SW18
[board_modifier.py:98]: Getting SW18 footprint position: (64000000, 96000000)
[board_modifier.py:75]: Searching for optional ST18 footprint in /home/foxmoss/Projects/PiPhone/PiPhoneV0/PiPhoneV0/PiPhoneV0.kicad_pcb
[board_modifier.py:80]: Footprint not found
[key_placer.py:424]: Routing SW5 with D8
[key_placer.py:426]: Using internal autorouter method
[board_modifier.py:532]: Routing at B.Cu layer
[board_modifier.py:549]: Netclass: Default, track width: 200000
[board_modifier.py:611]: Routing pad 'SW5:2' at (34540000, 42920000) with pad 'D8:2' at (37080000, 50710000) using coordinate system rotated by 0 degree(s)
[board_modifier.py:455]: Adding track segment (B.Cu): [(34540000, 42920000), (34540000, 48170000)]
[board_modifier.py:460]: Track added
[board_modifier.py:455]: Adding track segment (B.Cu): [(34540000, 48170000), (37080000, 50710000)]
[board_modifier.py:460]: Track added
[key_placer.py:424]: Routing SW17 with D12
[key_placer.py:426]: Using internal autorouter method
[board_modifier.py:532]: Routing at B.Cu layer
[board_modifier.py:549]: Netclass: Default, track width: 200000
[board_modifier.py:611]: Routing pad 'SW17:2' at (50540000, 90920000) with pad 'D12:2' at (53080000, 98710000) using coordinate system rotated by 0 degree(s)
[board_modifier.py:455]: Adding track segment (B.Cu): [(50540000, 90920000), (50540000, 96170000)]
[board_modifier.py:460]: Track added
[board_modifier.py:455]: Adding track segment (B.Cu): [(50540000, 96170000), (53080000, 98710000)]
[board_modifier.py:460]: Track added
[key_placer.py:424]: Routing SW1 with D1
[key_placer.py:426]: Using internal autorouter method
[board_modifier.py:532]: Routing at B.Cu layer
[board_modifier.py:549]: Netclass: Default, track width: 200000
[board_modifier.py:611]: Routing pad 'SW1:2' at (34540000, 26920000) with pad 'D1:2' at (37080000, 34710000) using coordinate system rotated by 0 degree(s)
[board_modifier.py:455]: Adding track segment (B.Cu): [(34540000, 26920000), (34540000, 32170000)]
[board_modifier.py:460]: Track added
[board_modifier.py:455]: Adding track segment (B.Cu): [(34540000, 32170000), (37080000, 34710000)]
[board_modifier.py:460]: Track added
[key_placer.py:424]: Routing SW3 with D13
[key_placer.py:426]: Using internal autorouter method
[board_modifier.py:532]: Routing at B.Cu layer
[board_modifier.py:549]: Netclass: Default, track width: 200000
[board_modifier.py:611]: Routing pad 'SW3:2' at (66540000, 26920000) with pad 'D13:2' at (69080000, 34710000) using coordinate system rotated by 0 degree(s)
[board_modifier.py:455]: Adding track segment (B.Cu): [(66540000, 26920000), (66540000, 32170000)]
[board_modifier.py:460]: Track added
[board_modifier.py:455]: Adding track segment (B.Cu): [(66540000, 32170000), (69080000, 34710000)]
[board_modifier.py:460]: Track added
[key_placer.py:424]: Routing SW7 with D3
[key_placer.py:426]: Using internal autorouter method
[board_modifier.py:532]: Routing at B.Cu layer
[board_modifier.py:549]: Netclass: Default, track width: 200000
[board_modifier.py:611]: Routing pad 'SW7:2' at (66540000, 42920000) with pad 'D3:2' at (69080000, 50710000) using coordinate system rotated by 0 degree(s)
[board_modifier.py:455]: Adding track segment (B.Cu): [(66540000, 42920000), (66540000, 48170000)]
[board_modifier.py:460]: Track added
[board_modifier.py:455]: Adding track segment (B.Cu): [(66540000, 48170000), (69080000, 50710000)]
[board_modifier.py:460]: Track added
[key_placer.py:424]: Routing SW11 with D10
[key_placer.py:426]: Using internal autorouter method
[board_modifier.py:532]: Routing at B.Cu layer
[board_modifier.py:549]: Netclass: Default, track width: 200000
[board_modifier.py:611]: Routing pad 'SW11:2' at (66540000, 58920000) with pad 'D10:2' at (69080000, 66710000) using coordinate system rotated by 0 degree(s)
[board_modifier.py:455]: Adding track segment (B.Cu): [(66540000, 58920000), (66540000, 64170000)]
[board_modifier.py:460]: Track added
[board_modifier.py:455]: Adding track segment (B.Cu): [(66540000, 64170000), (69080000, 66710000)]
[board_modifier.py:460]: Track added
[key_placer.py:424]: Routing SW2 with D7
[key_placer.py:426]: Using internal autorouter method
[board_modifier.py:532]: Routing at B.Cu layer
[board_modifier.py:549]: Netclass: Default, track width: 200000
[board_modifier.py:611]: Routing pad 'SW2:2' at (50540000, 26920000) with pad 'D7:2' at (53080000, 34710000) using coordinate system rotated by 0 degree(s)
[board_modifier.py:455]: Adding track segment (B.Cu): [(50540000, 26920000), (50540000, 32170000)]
[board_modifier.py:460]: Track added
[board_modifier.py:455]: Adding track segment (B.Cu): [(50540000, 32170000), (53080000, 34710000)]
[board_modifier.py:460]: Track added
[key_placer.py:424]: Routing SW8 with D9
[key_placer.py:426]: Using internal autorouter method
[board_modifier.py:532]: Routing at B.Cu layer
[board_modifier.py:549]: Netclass: Default, track width: 200000
[board_modifier.py:611]: Routing pad 'SW8:2' at (82540000, 42920000) with pad 'D9:2' at (85080000, 50710000) using coordinate system rotated by 0 degree(s)
[board_modifier.py:455]: Adding track segment (B.Cu): [(82540000, 42920000), (82540000, 48170000)]
[board_modifier.py:460]: Track added
[board_modifier.py:455]: Adding track segment (B.Cu): [(82540000, 48170000), (85080000, 50710000)]
[board_modifier.py:460]: Track added
[key_placer.py:424]: Routing SW6 with D14
[key_placer.py:426]: Using internal autorouter method
[board_modifier.py:532]: Routing at B.Cu layer
[board_modifier.py:549]: Netclass: Default, track width: 200000
[board_modifier.py:611]: Routing pad 'SW6:2' at (50540000, 42920000) with pad 'D14:2' at (53080000, 50710000) using coordinate system rotated by 0 degree(s)
[board_modifier.py:455]: Adding track segment (B.Cu): [(50540000, 42920000), (50540000, 48170000)]
[board_modifier.py:460]: Track added
[board_modifier.py:455]: Adding track segment (B.Cu): [(50540000, 48170000), (53080000, 50710000)]
[board_modifier.py:460]: Track added
[key_placer.py:424]: Routing SW4 with D2
[key_placer.py:426]: Using internal autorouter method
[board_modifier.py:532]: Routing at B.Cu layer
[board_modifier.py:549]: Netclass: Default, track width: 200000
[board_modifier.py:611]: Routing pad 'SW4:2' at (82540000, 26920000) with pad 'D2:2' at (85080000, 34710000) using coordinate system rotated by 0 degree(s)
[board_modifier.py:455]: Adding track segment (B.Cu): [(82540000, 26920000), (82540000, 32170000)]
[board_modifier.py:460]: Track added
[board_modifier.py:455]: Adding track segment (B.Cu): [(82540000, 32170000), (85080000, 34710000)]
[board_modifier.py:460]: Track added
[key_placer.py:424]: Routing SW13 with D5
[key_placer.py:426]: Using internal autorouter method
[board_modifier.py:532]: Routing at B.Cu layer
[board_modifier.py:549]: Netclass: Default, track width: 200000
[board_modifier.py:611]: Routing pad 'SW13:2' at (34540000, 74920000) with pad 'D5:2' at (37080000, 82710000) using coordinate system rotated by 0 degree(s)
[board_modifier.py:455]: Adding track segment (B.Cu): [(34540000, 74920000), (34540000, 80170000)]
[board_modifier.py:460]: Track added
[board_modifier.py:455]: Adding track segment (B.Cu): [(34540000, 80170000), (37080000, 82710000)]
[board_modifier.py:460]: Track added
[key_placer.py:424]: Routing SW15 with D17
[key_placer.py:426]: Using internal autorouter method
[board_modifier.py:532]: Routing at B.Cu layer
[board_modifier.py:549]: Netclass: Default, track width: 200000
[board_modifier.py:611]: Routing pad 'SW15:2' at (66540000, 74920000) with pad 'D17:2' at (69080000, 82710000) using coordinate system rotated by 0 degree(s)
[board_modifier.py:455]: Adding track segment (B.Cu): [(66540000, 74920000), (66540000, 80170000)]
[board_modifier.py:460]: Track added
[board_modifier.py:455]: Adding track segment (B.Cu): [(66540000, 80170000), (69080000, 82710000)]
[board_modifier.py:460]: Track added
[key_placer.py:424]: Routing SW9 with D15
[key_placer.py:426]: Using internal autorouter method
[board_modifier.py:532]: Routing at B.Cu layer
[board_modifier.py:549]: Netclass: Default, track width: 200000
[board_modifier.py:611]: Routing pad 'SW9:2' at (34540000, 58920000) with pad 'D15:2' at (37080000, 66710000) using coordinate system rotated by 0 degree(s)
[board_modifier.py:455]: Adding track segment (B.Cu): [(34540000, 58920000), (34540000, 64170000)]
[board_modifier.py:460]: Track added
[board_modifier.py:455]: Adding track segment (B.Cu): [(34540000, 64170000), (37080000, 66710000)]
[board_modifier.py:460]: Track added
[key_placer.py:424]: Routing SW10 with D4
[key_placer.py:426]: Using internal autorouter method
[board_modifier.py:532]: Routing at B.Cu layer
[board_modifier.py:549]: Netclass: Default, track width: 200000
[board_modifier.py:611]: Routing pad 'SW10:2' at (50540000, 58920000) with pad 'D4:2' at (53080000, 66710000) using coordinate system rotated by 0 degree(s)
[board_modifier.py:455]: Adding track segment (B.Cu): [(50540000, 58920000), (50540000, 64170000)]
[board_modifier.py:460]: Track added
[board_modifier.py:455]: Adding track segment (B.Cu): [(50540000, 64170000), (53080000, 66710000)]
[board_modifier.py:460]: Track added
[key_placer.py:424]: Routing SW16 with D6
[key_placer.py:426]: Using internal autorouter method
[board_modifier.py:532]: Routing at B.Cu layer
[board_modifier.py:549]: Netclass: Default, track width: 200000
[board_modifier.py:611]: Routing pad 'SW16:2' at (34540000, 90920000) with pad 'D6:2' at (37080000, 98710000) using coordinate system rotated by 0 degree(s)
[board_modifier.py:455]: Adding track segment (B.Cu): [(34540000, 90920000), (34540000, 96170000)]
[board_modifier.py:460]: Track added
[board_modifier.py:455]: Adding track segment (B.Cu): [(34540000, 96170000), (37080000, 98710000)]
[board_modifier.py:460]: Track added
[key_placer.py:424]: Routing SW14 with D11
[key_placer.py:426]: Using internal autorouter method
[board_modifier.py:532]: Routing at B.Cu layer
[board_modifier.py:549]: Netclass: Default, track width: 200000
[board_modifier.py:611]: Routing pad 'SW14:2' at (50540000, 74920000) with pad 'D11:2' at (53080000, 82710000) using coordinate system rotated by 0 degree(s)
[board_modifier.py:455]: Adding track segment (B.Cu): [(50540000, 74920000), (50540000, 80170000)]
[board_modifier.py:460]: Track added
[board_modifier.py:455]: Adding track segment (B.Cu): [(50540000, 80170000), (53080000, 82710000)]
[board_modifier.py:460]: Track added
[key_placer.py:424]: Routing SW12 with D16
[key_placer.py:426]: Using internal autorouter method
[board_modifier.py:532]: Routing at B.Cu layer
[board_modifier.py:549]: Netclass: Default, track width: 200000
[board_modifier.py:611]: Routing pad 'SW12:2' at (82540000, 58920000) with pad 'D16:2' at (85080000, 66710000) using coordinate system rotated by 0 degree(s)
[board_modifier.py:455]: Adding track segment (B.Cu): [(82540000, 58920000), (82540000, 64170000)]
[board_modifier.py:460]: Track added
[board_modifier.py:455]: Adding track segment (B.Cu): [(82540000, 64170000), (85080000, 66710000)]
[board_modifier.py:460]: Track added
[key_placer.py:424]: Routing SW18 with D18
[key_placer.py:426]: Using internal autorouter method
[board_modifier.py:532]: Routing at B.Cu layer
[board_modifier.py:549]: Netclass: Default, track width: 200000
[board_modifier.py:611]: Routing pad 'SW18:2' at (66540000, 90920000) with pad 'D18:2' at (69080000, 98710000) using coordinate system rotated by 0 degree(s)
[board_modifier.py:455]: Adding track segment (B.Cu): [(66540000, 90920000), (66540000, 96170000)]
[board_modifier.py:460]: Track added
[board_modifier.py:455]: Adding track segment (B.Cu): [(66540000, 96170000), (69080000, 98710000)]
[board_modifier.py:460]: Track added
[key_placer.py:820]: Routing /GPIO5 pads
[board_modifier.py:532]: Routing at B.Cu layer
[board_modifier.py:549]: Netclass: Default, track width: 200000
[board_modifier.py:611]: Routing pad 'D1:1' at (37080000, 35350000) with pad 'D7:1' at (53080000, 35350000) using coordinate system rotated by 0 degree(s)
[board_modifier.py:455]: Adding track segment (B.Cu): [(37080000, 35350000), (53080000, 35350000)]
[board_modifier.py:460]: Track added
[board_modifier.py:532]: Routing at B.Cu layer
[board_modifier.py:549]: Netclass: Default, track width: 200000
[board_modifier.py:611]: Routing pad 'D7:1' at (53080000, 35350000) with pad 'D13:1' at (69080000, 35350000) using coordinate system rotated by 0 degree(s)
[board_modifier.py:455]: Adding track segment (B.Cu): [(53080000, 35350000), (69080000, 35350000)]
[board_modifier.py:460]: Track added
[board_modifier.py:532]: Routing at B.Cu layer
[board_modifier.py:549]: Netclass: Default, track width: 200000
[board_modifier.py:611]: Routing pad 'D13:1' at (69080000, 35350000) with pad 'J1:29' at (143930000, 48770000) using coordinate system rotated by 0 degree(s)
[board_modifier.py:455]: Adding track segment (B.Cu): [(69080000, 35350000), (130510000, 35350000)]
[board_modifier.py:465]: Could not add track segment due to detected collision
[board_modifier.py:455]: Adding track segment (B.Cu): [(69080000, 35350000), (82500000, 48770000)]
[board_modifier.py:465]: Could not add track segment due to detected collision
[key_placer.py:820]: Routing /GPIO19{slash}PCM.FS pads
[board_modifier.py:532]: Routing at F.Cu layer
[board_modifier.py:549]: Netclass: Default, track width: 200000
[board_modifier.py:611]: Routing pad 'SW9:1' at (28190000, 61460000) with pad 'SW6:1' at (44190000, 45460000) using coordinate system rotated by 0 degree(s)
[board_modifier.py:455]: Adding track segment (F.Cu): [(28190000, 61460000), (28190000, 61460000)]
[board_modifier.py:460]: Track added
[board_modifier.py:455]: Adding track segment (F.Cu): [(28190000, 61460000), (44190000, 45460000)]
[board_modifier.py:465]: Could not add track segment due to detected collision
[board_modifier.py:455]: Adding track segment (F.Cu): [(28190000, 61460000), (44190000, 45460000)]
[board_modifier.py:465]: Could not add track segment due to detected collision
[board_modifier.py:532]: Routing at F.Cu layer
[board_modifier.py:549]: Netclass: Default, track width: 200000
[board_modifier.py:611]: Routing pad 'SW6:1' at (44190000, 45460000) with pad 'SW3:1' at (60190000, 29460000) using coordinate system rotated by 0 degree(s)
[board_modifier.py:455]: Adding track segment (F.Cu): [(44190000, 45460000), (44190000, 45460000)]
[board_modifier.py:460]: Track added
[board_modifier.py:455]: Adding track segment (F.Cu): [(44190000, 45460000), (60190000, 29460000)]
[board_modifier.py:465]: Could not add track segment due to detected collision
[board_modifier.py:455]: Adding track segment (F.Cu): [(44190000, 45460000), (60190000, 29460000)]
[board_modifier.py:465]: Could not add track segment due to detected collision
[board_modifier.py:532]: Routing at F.Cu layer
[board_modifier.py:549]: Netclass: Default, track width: 200000
[board_modifier.py:611]: Routing pad 'SW9:1' at (28190000, 61460000) with pad 'SW15:1' at (60190000, 77460000) using coordinate system rotated by 0 degree(s)
[board_modifier.py:455]: Adding track segment (F.Cu): [(28190000, 61460000), (44190000, 61460000)]
[board_modifier.py:465]: Could not add track segment due to detected collision
[board_modifier.py:455]: Adding track segment (F.Cu): [(28190000, 61460000), (44190000, 77460000)]
[board_modifier.py:465]: Could not add track segment due to detected collision
[board_modifier.py:532]: Routing at F.Cu layer
[board_modifier.py:549]: Netclass: Default, track width: 200000
[board_modifier.py:611]: Routing pad 'SW15:1' at (60190000, 77460000) with pad 'SW18:1' at (60190000, 93460000) using coordinate system rotated by 0 degree(s)
[board_modifier.py:455]: Adding track segment (F.Cu): [(60190000, 77460000), (60190000, 93460000)]
[board_modifier.py:460]: Track added
[board_modifier.py:532]: Routing at F.Cu layer
[board_modifier.py:549]: Netclass: Default, track width: 200000
[board_modifier.py:611]: Routing pad 'SW15:1' at (60190000, 77460000) with pad 'SW12:1' at (76190000, 61460000) using coordinate system rotated by 0 degree(s)
[board_modifier.py:455]: Adding track segment (F.Cu): [(60190000, 77460000), (60190000, 77460000)]
[board_modifier.py:460]: Track added
[board_modifier.py:455]: Adding track segment (F.Cu): [(60190000, 77460000), (76190000, 61460000)]
[board_modifier.py:465]: Could not add track segment due to detected collision
[board_modifier.py:455]: Adding track segment (F.Cu): [(60190000, 77460000), (76190000, 61460000)]
[board_modifier.py:465]: Could not add track segment due to detected collision
[board_modifier.py:532]: Routing at F.Cu layer
[board_modifier.py:549]: Netclass: Default, track width: 200000
[board_modifier.py:611]: Routing pad 'SW12:1' at (76190000, 61460000) with pad 'J1:35' at (151550000, 48770000) using coordinate system rotated by 0 degree(s)
[board_modifier.py:455]: Adding track segment (F.Cu): [(76190000, 61460000), (138860000, 61460000)]
[board_modifier.py:460]: Track added
[board_modifier.py:455]: Adding track segment (F.Cu): [(138860000, 61460000), (151550000, 48770000)]
[board_modifier.py:460]: Track added
[key_placer.py:820]: Routing /GPIO16 pads
[board_modifier.py:532]: Routing at F.Cu layer
[board_modifier.py:549]: Netclass: Default, track width: 200000
[board_modifier.py:611]: Routing pad 'SW10:1' at (44190000, 61460000) with pad 'SW13:1' at (28190000, 77460000) using coordinate system rotated by 0 degree(s)
[board_modifier.py:455]: Adding track segment (F.Cu): [(44190000, 61460000), (44190000, 61460000)]
[board_modifier.py:460]: Track added
[board_modifier.py:455]: Adding track segment (F.Cu): [(44190000, 61460000), (28190000, 77460000)]
[board_modifier.py:465]: Could not add track segment due to detected collision
[board_modifier.py:455]: Adding track segment (F.Cu): [(44190000, 61460000), (28190000, 77460000)]
[board_modifier.py:465]: Could not add track segment due to detected collision
[board_modifier.py:532]: Routing at F.Cu layer
[board_modifier.py:549]: Netclass: Default, track width: 200000
[board_modifier.py:611]: Routing pad 'SW13:1' at (28190000, 77460000) with pad 'SW16:1' at (28190000, 93460000) using coordinate system rotated by 0 degree(s)
[board_modifier.py:455]: Adding track segment (F.Cu): [(28190000, 77460000), (28190000, 93460000)]
[board_modifier.py:460]: Track added
[board_modifier.py:532]: Routing at F.Cu layer
[board_modifier.py:549]: Netclass: Default, track width: 200000
[board_modifier.py:611]: Routing pad 'SW1:1' at (28190000, 29460000) with pad 'SW10:1' at (44190000, 61460000) using coordinate system rotated by 0 degree(s)
[board_modifier.py:455]: Adding track segment (F.Cu): [(28190000, 29460000), (28190000, 45460000)]
[board_modifier.py:465]: Could not add track segment due to detected collision
[board_modifier.py:455]: Adding track segment (F.Cu): [(28190000, 29460000), (44190000, 45460000)]
[board_modifier.py:465]: Could not add track segment due to detected collision
[board_modifier.py:532]: Routing at F.Cu layer
[board_modifier.py:549]: Netclass: Default, track width: 200000
[board_modifier.py:611]: Routing pad 'SW10:1' at (44190000, 61460000) with pad 'SW7:1' at (60190000, 45460000) using coordinate system rotated by 0 degree(s)
[board_modifier.py:455]: Adding track segment (F.Cu): [(44190000, 61460000), (44190000, 61460000)]
[board_modifier.py:460]: Track added
[board_modifier.py:455]: Adding track segment (F.Cu): [(44190000, 61460000), (60190000, 45460000)]
[board_modifier.py:465]: Could not add track segment due to detected collision
[board_modifier.py:455]: Adding track segment (F.Cu): [(44190000, 61460000), (60190000, 45460000)]
[board_modifier.py:465]: Could not add track segment due to detected collision
[board_modifier.py:532]: Routing at F.Cu layer
[board_modifier.py:549]: Netclass: Default, track width: 200000
[board_modifier.py:611]: Routing pad 'SW7:1' at (60190000, 45460000) with pad 'SW4:1' at (76190000, 29460000) using coordinate system rotated by 0 degree(s)
[board_modifier.py:455]: Adding track segment (F.Cu): [(60190000, 45460000), (60190000, 45460000)]
[board_modifier.py:460]: Track added
[board_modifier.py:455]: Adding track segment (F.Cu): [(60190000, 45460000), (76190000, 29460000)]
[board_modifier.py:465]: Could not add track segment due to detected collision
[board_modifier.py:455]: Adding track segment (F.Cu): [(60190000, 45460000), (76190000, 29460000)]
[board_modifier.py:465]: Could not add track segment due to detected collision
[board_modifier.py:532]: Routing at F.Cu layer
[board_modifier.py:549]: Netclass: Default, track width: 200000
[board_modifier.py:611]: Routing pad 'SW4:1' at (76190000, 29460000) with pad 'J1:36' at (151550000, 46230000) using coordinate system rotated by 0 degree(s)
[board_modifier.py:455]: Adding track segment (F.Cu): [(76190000, 29460000), (134780000, 29460000)]
[board_modifier.py:460]: Track added
[board_modifier.py:455]: Adding track segment (F.Cu): [(134780000, 29460000), (151550000, 46230000)]
[board_modifier.py:460]: Track added
[key_placer.py:820]: Routing /GPIO17 pads
[board_modifier.py:532]: Routing at B.Cu layer
[board_modifier.py:549]: Netclass: Default, track width: 200000
[board_modifier.py:611]: Routing pad 'D15:1' at (37080000, 67350000) with pad 'D3:1' at (69080000, 51350000) using coordinate system rotated by 0 degree(s)
[board_modifier.py:455]: Adding track segment (B.Cu): [(37080000, 67350000), (53080000, 67350000)]
[board_modifier.py:465]: Could not add track segment due to detected collision
[board_modifier.py:455]: Adding track segment (B.Cu): [(37080000, 67350000), (53080000, 51350000)]
[board_modifier.py:465]: Could not add track segment due to detected collision
[board_modifier.py:532]: Routing at B.Cu layer
[board_modifier.py:549]: Netclass: Default, track width: 200000
[board_modifier.py:611]: Routing pad 'D3:1' at (69080000, 51350000) with pad 'D9:1' at (85080000, 51350000) using coordinate system rotated by 0 degree(s)
[board_modifier.py:455]: Adding track segment (B.Cu): [(69080000, 51350000), (85080000, 51350000)]
[board_modifier.py:460]: Track added
[board_modifier.py:532]: Routing at B.Cu layer
[board_modifier.py:549]: Netclass: Default, track width: 200000
[board_modifier.py:611]: Routing pad 'D9:1' at (85080000, 51350000) with pad 'J1:11' at (121070000, 48770000) using coordinate system rotated by 0 degree(s)
[board_modifier.py:455]: Adding track segment (B.Cu): [(85080000, 51350000), (118490000, 51350000)]
[board_modifier.py:460]: Track added
[board_modifier.py:455]: Adding track segment (B.Cu): [(118490000, 51350000), (121070000, 48770000)]
[board_modifier.py:460]: Track added
[key_placer.py:820]: Routing /GPIO6 pads
[board_modifier.py:532]: Routing at B.Cu layer
[board_modifier.py:549]: Netclass: Default, track width: 200000
[board_modifier.py:611]: Routing pad 'D8:1' at (37080000, 51350000) with pad 'D14:1' at (53080000, 51350000) using coordinate system rotated by 0 degree(s)
[board_modifier.py:455]: Adding track segment (B.Cu): [(37080000, 51350000), (53080000, 51350000)]
[board_modifier.py:460]: Track added
[board_modifier.py:532]: Routing at B.Cu layer
[board_modifier.py:549]: Netclass: Default, track width: 200000
[board_modifier.py:611]: Routing pad 'D14:1' at (53080000, 51350000) with pad 'D2:1' at (85080000, 35350000) using coordinate system rotated by 0 degree(s)
[board_modifier.py:455]: Adding track segment (B.Cu): [(53080000, 51350000), (69080000, 51350000)]
[board_modifier.py:465]: Could not add track segment due to detected collision
[board_modifier.py:455]: Adding track segment (B.Cu): [(53080000, 51350000), (69080000, 35350000)]
[board_modifier.py:465]: Could not add track segment due to detected collision
[board_modifier.py:532]: Routing at B.Cu layer
[board_modifier.py:549]: Netclass: Default, track width: 200000
[board_modifier.py:611]: Routing pad 'D2:1' at (85080000, 35350000) with pad 'J1:31' at (146470000, 48770000) using coordinate system rotated by 0 degree(s)
[board_modifier.py:455]: Adding track segment (B.Cu): [(85080000, 35350000), (133050000, 35350000)]
[board_modifier.py:460]: Track added
[board_modifier.py:455]: Adding track segment (B.Cu): [(133050000, 35350000), (146470000, 48770000)]
[board_modifier.py:465]: Could not add track segment due to detected collision
[board_modifier.py:455]: Adding track segment (B.Cu): [(85080000, 35350000), (98500000, 48770000)]
[board_modifier.py:460]: Track added
[board_modifier.py:455]: Adding track segment (B.Cu): [(98500000, 48770000), (146470000, 48770000)]
[board_modifier.py:465]: Could not add track segment due to detected collision
[key_placer.py:820]: Routing /GPIO23 pads
[board_modifier.py:532]: Routing at B.Cu layer
[board_modifier.py:549]: Netclass: Default, track width: 200000
[board_modifier.py:611]: Routing pad 'D6:1' at (37080000, 99350000) with pad 'D12:1' at (53080000, 99350000) using coordinate system rotated by 0 degree(s)
[board_modifier.py:455]: Adding track segment (B.Cu): [(37080000, 99350000), (53080000, 99350000)]
[board_modifier.py:460]: Track added
[board_modifier.py:532]: Routing at B.Cu layer
[board_modifier.py:549]: Netclass: Default, track width: 200000
[board_modifier.py:611]: Routing pad 'D12:1' at (53080000, 99350000) with pad 'D18:1' at (69080000, 99350000) using coordinate system rotated by 0 degree(s)
[board_modifier.py:455]: Adding track segment (B.Cu): [(53080000, 99350000), (69080000, 99350000)]
[board_modifier.py:460]: Track added
[board_modifier.py:532]: Routing at B.Cu layer
[board_modifier.py:549]: Netclass: Default, track width: 200000
[board_modifier.py:611]: Routing pad 'D18:1' at (69080000, 99350000) with pad 'J1:16' at (126150000, 46230000) using coordinate system rotated by 0 degree(s)
[board_modifier.py:455]: Adding track segment (B.Cu): [(69080000, 99350000), (73030000, 99350000)]
[board_modifier.py:460]: Track added
[board_modifier.py:455]: Adding track segment (B.Cu): [(73030000, 99350000), (126150000, 46230000)]
[board_modifier.py:465]: Could not add track segment due to detected collision
[board_modifier.py:455]: Adding track segment (B.Cu): [(69080000, 99350000), (122200000, 46230000)]
[board_modifier.py:465]: Could not add track segment due to detected collision
[key_placer.py:820]: Routing /GPIO13{slash}PWM1 pads
[board_modifier.py:532]: Routing at F.Cu layer
[board_modifier.py:549]: Netclass: Default, track width: 200000
[board_modifier.py:611]: Routing pad 'SW5:1' at (28190000, 45460000) with pad 'SW2:1' at (44190000, 29460000) using coordinate system rotated by 0 degree(s)
[board_modifier.py:455]: Adding track segment (F.Cu): [(28190000, 45460000), (28190000, 45460000)]
[board_modifier.py:460]: Track added
[board_modifier.py:455]: Adding track segment (F.Cu): [(28190000, 45460000), (44190000, 29460000)]
[board_modifier.py:465]: Could not add track segment due to detected collision
[board_modifier.py:455]: Adding track segment (F.Cu): [(28190000, 45460000), (44190000, 29460000)]
[board_modifier.py:465]: Could not add track segment due to detected collision
[board_modifier.py:532]: Routing at F.Cu layer
[board_modifier.py:549]: Netclass: Default, track width: 200000
[board_modifier.py:611]: Routing pad 'SW5:1' at (28190000, 45460000) with pad 'SW14:1' at (44190000, 77460000) using coordinate system rotated by 0 degree(s)
[board_modifier.py:455]: Adding track segment (F.Cu): [(28190000, 45460000), (28190000, 61460000)]
[board_modifier.py:465]: Could not add track segment due to detected collision
[board_modifier.py:455]: Adding track segment (F.Cu): [(28190000, 45460000), (44190000, 61460000)]
[board_modifier.py:465]: Could not add track segment due to detected collision
[board_modifier.py:532]: Routing at F.Cu layer
[board_modifier.py:549]: Netclass: Default, track width: 200000
[board_modifier.py:611]: Routing pad 'SW14:1' at (44190000, 77460000) with pad 'SW17:1' at (44190000, 93460000) using coordinate system rotated by 0 degree(s)
[board_modifier.py:455]: Adding track segment (F.Cu): [(44190000, 77460000), (44190000, 93460000)]
[board_modifier.py:460]: Track added
[board_modifier.py:532]: Routing at F.Cu layer
[board_modifier.py:549]: Netclass: Default, track width: 200000
[board_modifier.py:611]: Routing pad 'SW14:1' at (44190000, 77460000) with pad 'SW11:1' at (60190000, 61460000) using coordinate system rotated by 0 degree(s)
[board_modifier.py:455]: Adding track segment (F.Cu): [(44190000, 77460000), (44190000, 77460000)]
[board_modifier.py:460]: Track added
[board_modifier.py:455]: Adding track segment (F.Cu): [(44190000, 77460000), (60190000, 61460000)]
[board_modifier.py:465]: Could not add track segment due to detected collision
[board_modifier.py:455]: Adding track segment (F.Cu): [(44190000, 77460000), (60190000, 61460000)]
[board_modifier.py:465]: Could not add track segment due to detected collision
[board_modifier.py:532]: Routing at F.Cu layer
[board_modifier.py:549]: Netclass: Default, track width: 200000
[board_modifier.py:611]: Routing pad 'SW11:1' at (60190000, 61460000) with pad 'SW8:1' at (76190000, 45460000) using coordinate system rotated by 0 degree(s)
[board_modifier.py:455]: Adding track segment (F.Cu): [(60190000, 61460000), (60190000, 61460000)]
[board_modifier.py:460]: Track added
[board_modifier.py:455]: Adding track segment (F.Cu): [(60190000, 61460000), (76190000, 45460000)]
[board_modifier.py:465]: Could not add track segment due to detected collision
[board_modifier.py:455]: Adding track segment (F.Cu): [(60190000, 61460000), (76190000, 45460000)]
[board_modifier.py:465]: Could not add track segment due to detected collision
[board_modifier.py:532]: Routing at F.Cu layer
[board_modifier.py:549]: Netclass: Default, track width: 200000
[board_modifier.py:611]: Routing pad 'SW8:1' at (76190000, 45460000) with pad 'J1:33' at (149010000, 48770000) using coordinate system rotated by 0 degree(s)
[board_modifier.py:455]: Adding track segment (F.Cu): [(76190000, 45460000), (145700000, 45460000)]
[board_modifier.py:465]: Could not add track segment due to detected collision
[board_modifier.py:455]: Adding track segment (F.Cu): [(76190000, 45460000), (79500000, 48770000)]
[board_modifier.py:465]: Could not add track segment due to detected collision
[key_placer.py:820]: Routing /GPIO27 pads
[board_modifier.py:532]: Routing at B.Cu layer
[board_modifier.py:549]: Netclass: Default, track width: 200000
[board_modifier.py:611]: Routing pad 'D4:1' at (53080000, 67350000) with pad 'D10:1' at (69080000, 67350000) using coordinate system rotated by 0 degree(s)
[board_modifier.py:455]: Adding track segment (B.Cu): [(53080000, 67350000), (69080000, 67350000)]
[board_modifier.py:460]: Track added
[board_modifier.py:532]: Routing at B.Cu layer
[board_modifier.py:549]: Netclass: Default, track width: 200000
[board_modifier.py:611]: Routing pad 'D10:1' at (69080000, 67350000) with pad 'D16:1' at (85080000, 67350000) using coordinate system rotated by 0 degree(s)
[board_modifier.py:455]: Adding track segment (B.Cu): [(69080000, 67350000), (85080000, 67350000)]
[board_modifier.py:460]: Track added
[board_modifier.py:532]: Routing at B.Cu layer
[board_modifier.py:549]: Netclass: Default, track width: 200000
[board_modifier.py:611]: Routing pad 'D16:1' at (85080000, 67350000) with pad 'J1:13' at (123610000, 48770000) using coordinate system rotated by 0 degree(s)
[board_modifier.py:455]: Adding track segment (B.Cu): [(85080000, 67350000), (105030000, 67350000)]
[board_modifier.py:460]: Track added
[board_modifier.py:455]: Adding track segment (B.Cu): [(105030000, 67350000), (123610000, 48770000)]
[board_modifier.py:460]: Track added
[key_placer.py:820]: Routing /GPIO22 pads
[board_modifier.py:532]: Routing at B.Cu layer
[board_modifier.py:549]: Netclass: Default, track width: 200000
[board_modifier.py:611]: Routing pad 'D5:1' at (37080000, 83350000) with pad 'D11:1' at (53080000, 83350000) using coordinate system rotated by 0 degree(s)
[board_modifier.py:455]: Adding track segment (B.Cu): [(37080000, 83350000), (53080000, 83350000)]
[board_modifier.py:460]: Track added
[board_modifier.py:532]: Routing at B.Cu layer
[board_modifier.py:549]: Netclass: Default, track width: 200000
[board_modifier.py:611]: Routing pad 'D11:1' at (53080000, 83350000) with pad 'D17:1' at (69080000, 83350000) using coordinate system rotated by 0 degree(s)
[board_modifier.py:455]: Adding track segment (B.Cu): [(53080000, 83350000), (69080000, 83350000)]
[board_modifier.py:460]: Track added
[board_modifier.py:532]: Routing at B.Cu layer
[board_modifier.py:549]: Netclass: Default, track width: 200000
[board_modifier.py:611]: Routing pad 'D17:1' at (69080000, 83350000) with pad 'J1:15' at (126150000, 48770000) using coordinate system rotated by 0 degree(s)
[board_modifier.py:455]: Adding track segment (B.Cu): [(69080000, 83350000), (91570000, 83350000)]
[board_modifier.py:460]: Track added
[board_modifier.py:455]: Adding track segment (B.Cu): [(91570000, 83350000), (126150000, 48770000)]
[board_modifier.py:460]: Track added
[key_placer.py:458]: Removing dangling tracks
[key_placer.py:470]: Removing 7ccaa33a-a56d-48e9-b602-41ce48c2ccf3
[key_placer.py:470]: Removing d1306d41-82f2-4cc2-a9b0-925a9c84a3fd
[key_placer.py:470]: Removing 114d98a7-15fd-476a-a9b6-5cdf3cc886f4
[key_placer.py:470]: Removing 6de3fa93-44ef-49d8-b5b8-e9866cf1f951
[key_placer.py:470]: Removing 98af37af-0c2f-4406-9f0b-1b2e825d94f4
[key_placer.py:470]: Removing f2531ed8-e650-42dd-9d5d-9dbc11f9f98c
[key_placer.py:470]: Removing 9f0d7659-38fc-428d-9aab-371d718b0dd5
[key_placer.py:470]: Removing af5ccee3-474a-4dba-bb96-36fb2fbea6eb
[key_placer.py:470]: Removing 4360c8c0-6549-4ecb-8755-96dd9629ca50
[key_placer.py:470]: Removing 6e62165a-69d0-438d-b5fd-5a3e317021d7
[key_placer.py:470]: Removing 1d4bd3b0-a59f-4b04-b76b-d62545ec19c1
[key_placer.py:470]: Removing ac260e1c-8304-496a-b1eb-14a0caa36776
[key_placer.py:470]: Removing d1ecf598-5760-4040-955c-1c355a3802ce
[key_placer.py:470]: Removing 7a4782c0-4ac7-4b3f-8171-be15b70d3d27
[key_placer.py:470]: Removing 7f10b24b-4cc3-471a-9587-3a4d7e7e0688
[key_placer.py:470]: Removing 2bf2cbae-b510-4ec1-8a90-980c8968dcad
[key_placer.py:470]: Removing e7bb8b50-3e91-4855-891e-89e4a7e39a07
[key_placer.py:470]: Removing ed4b3bb6-8c1f-4245-aeac-bb624332107a
[key_placer.py:458]: Removing dangling tracks
[edge_generator.py:145]: Running board edge generation around footprints with annotation matching 'SW{}' format
